d:\lol\begeerte\begeerte\x64\debug\begeerte.pch
d:\lol\begeerte\begeerte\x64\debug\vc143.pdb
d:\lol\begeerte\begeerte\x64\debug\vc143.idb
d:\lol\begeerte\begeerte\x64\debug\pch.obj
d:\lol\begeerte\begeerte\x64\debug\dllmain.obj
d:\lol\begeerte\begeerte\x64\debug\utils.obj
d:\lol\begeerte\begeerte\x64\debug\runhook.obj
d:\lol\begeerte\begeerte\x64\debug\hookmemory.obj
d:\lol\begeerte\x64\debug\begeerte.dll
d:\lol\begeerte\x64\debug\begeerte.pdb
d:\lol\begeerte\x64\debug\begeerte.lib
d:\lol\begeerte\x64\debug\begeerte.exp
d:\lol\begeerte\begeerte\x64\debug\begeerte.ilk
d:\lol\begeerte\begeerte\x64\debug\begeerte.tlog\cl.command.1.tlog
d:\lol\begeerte\begeerte\x64\debug\begeerte.tlog\cl.items.tlog
d:\lol\begeerte\begeerte\x64\debug\begeerte.tlog\cl.read.1.tlog
d:\lol\begeerte\begeerte\x64\debug\begeerte.tlog\cl.write.1.tlog
d:\lol\begeerte\begeerte\x64\debug\begeerte.tlog\link.command.1.tlog
d:\lol\begeerte\begeerte\x64\debug\begeerte.tlog\link.read.1.tlog
d:\lol\begeerte\begeerte\x64\debug\begeerte.tlog\link.secondary.1.tlog
d:\lol\begeerte\begeerte\x64\debug\begeerte.tlog\link.write.1.tlog
